SF:lib/src/query_state.dart
DA:6,6
DA:9,2
DA:12,2
DA:15,2
DA:18,2
DA:21,0
DA:24,1
DA:25,1
DA:26,1
DA:31,1
DA:32,1
DA:37,0
DA:38,0
DA:45,6
DA:47,1
DA:49,0
DA:51,1
DA:52,2
DA:54,1
DA:55,1
DA:60,6
DA:62,1
DA:64,0
DA:66,1
DA:67,2
DA:69,1
DA:70,1
DA:75,1
DA:80,1
DA:83,1
DA:84,3
DA:85,3
DA:87,1
DA:88,3
DA:90,1
DA:91,3
DA:96,1
DA:101,1
DA:104,1
DA:105,3
DA:106,3
DA:108,1
DA:109,3
DA:111,1
DA:112,2
DA:117,1
DA:122,1
DA:125,1
DA:126,3
DA:127,3
DA:129,1
DA:130,3
DA:132,1
DA:134,3
DA:140,6
DA:143,2
DA:146,0
DA:149,0
DA:152,2
DA:155,1
DA:156,1
DA:161,1
DA:162,1
DA:169,5
DA:171,0
DA:173,0
DA:175,0
DA:176,0
DA:178,0
DA:179,0
DA:184,5
DA:186,0
DA:188,0
DA:190,0
DA:191,0
DA:193,0
DA:194,0
DA:199,2
DA:203,0
DA:206,0
DA:208,0
DA:209,0
DA:211,0
DA:212,0
DA:217,1
DA:222,0
DA:225,0
DA:226,0
DA:227,0
DA:229,0
DA:230,0
DA:232,0
DA:233,0
LF:93
LH:60
end_of_record
SF:lib/src/query_client.dart
DA:9,0
DA:12,0
DA:13,0
DA:20,0
DA:22,0
DA:23,0
DA:24,0
DA:25,0
DA:27,0
DA:28,0
DA:33,0
DA:35,0
DA:36,0
DA:37,0
DA:42,0
DA:44,0
DA:47,0
DA:50,0
DA:51,0
DA:52,0
DA:60,0
DA:61,0
DA:65,0
DA:66,0
DA:67,0
DA:71,0
DA:72,0
DA:76,0
DA:77,0
DA:81,0
DA:82,0
DA:86,0
DA:87,0
DA:91,0
DA:92,0
DA:96,0
DA:97,0
DA:101,0
DA:102,0
DA:103,0
DA:107,0
DA:108,0
DA:109,0
DA:113,0
DA:114,0
DA:115,0
DA:117,0
DA:118,0
DA:124,0
DA:125,0
DA:126,0
DA:133,0
LF:52
LH:0
end_of_record
SF:lib/src/query_provider.dart
DA:23,0
DA:28,0
DA:29,0
DA:43,0
DA:45,0
DA:46,0
DA:47,0
DA:50,0
DA:51,0
DA:53,0
DA:54,0
DA:58,0
DA:59,0
DA:64,0
DA:65,0
DA:68,0
DA:69,0
DA:70,0
DA:75,0
DA:76,0
DA:78,0
DA:82,0
DA:83,0
DA:86,0
DA:89,0
DA:92,0
DA:93,0
DA:96,0
DA:98,0
DA:99,0
DA:100,0
DA:101,0
DA:105,0
DA:106,0
DA:109,0
DA:112,0
DA:113,0
DA:116,0
DA:121,0
DA:124,0
DA:125,0
DA:126,0
DA:130,0
DA:131,0
DA:132,0
DA:135,0
DA:137,0
DA:141,0
DA:142,0
DA:143,0
DA:146,0
DA:147,0
DA:148,0
DA:149,0
DA:150,0
DA:151,0
DA:158,0
DA:160,0
DA:165,0
DA:173,0
DA:175,0
DA:176,0
DA:180,0
DA:181,0
DA:185,0
DA:187,0
DA:189,0
DA:190,0
DA:191,0
DA:195,0
DA:197,0
DA:201,0
DA:203,0
DA:204,0
DA:208,0
DA:210,0
DA:211,0
DA:212,0
DA:216,0
DA:217,0
DA:220,0
DA:221,0
DA:224,0
DA:225,0
DA:228,0
DA:230,0
DA:233,0
DA:234,0
DA:236,0
DA:237,0
DA:241,0
DA:242,0
DA:245,0
DA:250,0
DA:255,0
DA:256,0
DA:267,0
DA:272,0
DA:273,0
DA:274,0
DA:276,0
DA:284,0
DA:290,0
DA:291,0
DA:292,0
DA:294,0
DA:297,0
DA:304,1
DA:312,2
DA:313,2
DA:314,3
DA:315,4
DA:316,3
DA:321,1
DA:323,5
DA:324,5
DA:325,2
DA:326,2
DA:327,4
LF:119
LH:12
end_of_record
SF:lib/src/mutation_provider.dart
DA:16,1
DA:20,1
DA:28,1
DA:29,1
DA:33,2
DA:35,2
DA:36,2
DA:37,1
DA:40,2
DA:44,4
DA:45,0
DA:46,0
DA:47,0
DA:50,2
DA:51,1
DA:54,2
DA:61,1
DA:62,1
DA:63,1
DA:68,1
DA:73,1
DA:74,2
DA:86,0
DA:97,0
DA:100,0
DA:103,0
DA:106,0
DA:109,0
DA:112,0
DA:118,0
DA:119,0
DA:120,0
DA:122,0
DA:124,0
DA:125,0
DA:133,1
DA:140,2
DA:141,2
DA:142,3
DA:143,4
DA:148,0
DA:150,0
DA:151,0
DA:152,0
DA:153,0
LF:45
LH:24
end_of_record
SF:lib/src/infinite_query_provider.dart
DA:14,4
DA:17,0
DA:20,0
DA:23,0
DA:26,0
DA:29,0
DA:32,0
DA:35,0
DA:36,0
DA:37,0
DA:38,0
DA:43,0
DA:44,0
DA:51,4
DA:53,0
DA:55,0
DA:57,0
DA:58,0
DA:60,0
DA:61,0
DA:66,4
DA:68,0
DA:70,0
DA:72,0
DA:73,0
DA:75,0
DA:76,0
DA:81,0
DA:93,0
DA:96,0
DA:97,0
DA:98,0
DA:99,0
DA:100,0
DA:102,0
DA:103,0
DA:105,0
DA:106,0
DA:107,0
DA:108,0
DA:109,0
DA:110,0
DA:112,0
DA:118,0
DA:119,0
DA:120,0
DA:121,0
DA:122,0
DA:129,0
DA:134,0
DA:137,0
DA:138,0
DA:139,0
DA:141,0
DA:142,0
DA:144,0
DA:145,0
DA:150,0
DA:162,0
DA:165,0
DA:166,0
DA:167,0
DA:168,0
DA:169,0
DA:171,0
DA:172,0
DA:174,0
DA:175,0
DA:180,0
DA:192,0
DA:195,0
DA:196,0
DA:197,0
DA:198,0
DA:199,0
DA:201,0
DA:202,0
DA:204,0
DA:205,0
DA:211,0
DA:217,0
DA:218,0
DA:229,0
DA:230,0
DA:231,0
DA:235,0
DA:236,0
DA:241,0
DA:242,0
DA:244,0
DA:247,0
DA:248,0
DA:249,0
DA:251,0
DA:252,0
DA:254,0
DA:261,0
DA:262,0
DA:264,0
DA:265,0
DA:266,0
DA:267,0
DA:270,0
DA:271,0
DA:272,0
DA:277,0
DA:278,0
DA:279,0
DA:283,0
DA:284,0
DA:285,0
DA:290,0
DA:291,0
DA:292,0
DA:293,0
DA:294,0
DA:298,0
DA:299,0
DA:301,0
DA:302,0
DA:304,0
DA:308,0
DA:311,0
DA:314,0
DA:315,0
DA:320,0
DA:321,0
DA:322,0
DA:323,0
DA:324,0
DA:328,0
DA:329,0
DA:330,0
DA:335,0
DA:336,0
DA:337,0
DA:338,0
DA:339,0
DA:343,0
DA:344,0
DA:346,0
DA:347,0
DA:349,0
DA:353,0
DA:356,0
DA:359,0
DA:360,0
DA:365,0
DA:366,0
DA:367,0
DA:369,0
DA:372,0
DA:373,0
DA:376,0
DA:377,0
DA:378,0
DA:380,0
DA:381,0
DA:387,0
DA:388,0
DA:390,0
DA:394,0
DA:397,0
DA:400,0
DA:404,0
DA:405,0
DA:406,0
DA:407,0
DA:408,0
DA:409,0
DA:415,0
DA:417,0
DA:418,0
DA:423,0
DA:429,0
DA:430,0
DA:444,0
DA:457,0
DA:460,0
DA:463,0
DA:466,0
DA:469,0
DA:472,0
DA:475,0
DA:478,0
DA:479,0
DA:480,0
DA:481,0
DA:486,0
DA:487,0
DA:488,0
DA:489,0
DA:497,0
DA:498,0
DA:499,0
DA:501,0
DA:503,0
DA:504,0
DA:505,0
LF:199
LH:3
end_of_record
SF:lib/src/query_cache.dart
DA:10,1
DA:25,1
DA:26,1
DA:27,5
DA:31,1
DA:32,1
DA:33,5
DA:37,3
DA:40,2
DA:42,0
DA:49,0
DA:50,0
DA:51,0
DA:52,0
DA:53,0
DA:54,0
DA:58,0
DA:61,0
DA:62,0
DA:63,0
DA:64,0
DA:66,0
DA:67,0
DA:69,0
DA:70,0
DA:71,0
DA:72,0
DA:73,0
DA:74,0
DA:80,2
DA:94,10
DA:96,1
DA:97,1
DA:98,1
DA:99,1
DA:100,3
DA:101,1
DA:116,0
DA:128,0
DA:129,0
DA:137,1
DA:142,1
DA:169,1
DA:170,2
DA:173,2
DA:174,1
DA:179,1
DA:180,0
DA:181,0
DA:182,0
DA:183,0
DA:184,0
DA:190,2
DA:191,2
DA:193,2
DA:194,1
DA:200,1
DA:202,2
DA:205,2
DA:206,1
DA:209,1
DA:213,0
DA:219,0
DA:221,0
DA:222,0
DA:224,0
DA:228,1
DA:235,1
DA:237,1
DA:238,0
DA:242,1
DA:246,1
DA:247,2
DA:249,1
DA:256,1
DA:257,3
DA:258,2
DA:260,2
DA:261,1
DA:266,1
DA:267,2
DA:268,3
DA:269,1
DA:271,2
DA:272,1
DA:275,1
DA:279,4
DA:282,3
DA:285,3
DA:288,1
DA:289,2
DA:290,3
DA:291,1
DA:293,1
DA:294,2
DA:296,1
DA:297,1
DA:298,1
DA:303,0
DA:306,1
DA:307,1
DA:308,1
DA:309,1
DA:313,1
DA:314,1
DA:316,3
DA:317,2
DA:318,2
DA:322,2
DA:323,1
DA:326,1
DA:330,1
DA:331,4
DA:332,3
DA:333,2
DA:334,2
DA:336,1
DA:342,1
DA:343,1
DA:347,1
DA:348,1
DA:350,1
DA:351,3
DA:353,2
DA:354,0
DA:357,0
DA:359,0
DA:364,0
DA:369,1
DA:370,2
DA:376,0
DA:377,0
DA:380,0
DA:381,0
DA:384,0
DA:385,0
DA:389,0
DA:390,0
DA:398,0
DA:400,0
DA:401,0
DA:403,0
DA:409,0
DA:410,0
DA:415,1
DA:416,1
DA:419,0
DA:425,0
DA:426,0
DA:427,0
DA:428,0
DA:431,0
DA:432,0
DA:439,1
DA:440,1
DA:444,0
DA:445,0
DA:450,0
DA:451,0
LF:159
LH:95
end_of_record
SF:lib/src/query_options.dart
DA:6,11
DA:61,1
DA:76,1
DA:77,0
DA:78,0
DA:79,0
DA:80,1
DA:81,1
DA:82,1
DA:83,1
DA:84,1
DA:85,1
DA:86,0
DA:87,1
DA:88,1
DA:89,1
DA:93,2
DA:96,1
DA:97,3
DA:98,0
DA:99,0
DA:100,0
DA:101,0
DA:102,0
DA:103,0
DA:104,0
DA:105,0
DA:106,0
DA:107,0
DA:109,0
DA:110,0
DA:111,0
DA:112,0
DA:113,0
DA:114,0
DA:115,0
DA:116,0
DA:117,0
DA:118,0
DA:119,0
DA:120,0
DA:121,0
DA:124,0
DA:125,0
DA:126,0
DA:127,0
DA:128,0
DA:129,0
DA:130,0
DA:131,0
DA:132,0
DA:133,0
DA:134,0
DA:140,1
DA:163,1
DA:182,1
DA:183,0
DA:184,1
DA:185,1
DA:186,1
DA:187,1
DA:188,1
DA:189,1
DA:190,1
DA:191,1
DA:192,1
DA:193,1
DA:194,0
DA:195,1
LF:69
LH:29
end_of_record
SF:lib/src/mutation_options.dart
DA:6,8
DA:29,0
DA:36,0
DA:37,0
DA:38,0
DA:39,0
DA:40,0
DA:41,0
DA:45,0
DA:48,0
DA:49,0
DA:50,0
DA:52,0
DA:53,0
DA:55,0
DA:56,0
DA:57,0
DA:58,0
LF:18
LH:1
end_of_record
SF:lib/src/extensions/query_extensions.dart
DA:14,0
DA:15,0
DA:19,0
DA:20,0
DA:24,0
DA:25,0
DA:29,0
DA:30,0
DA:34,0
DA:35,0
DA:39,0
DA:40,0
DA:47,0
DA:53,0
DA:55,0
DA:56,0
DA:57,0
DA:64,0
DA:70,0
DA:72,0
DA:73,0
DA:74,0
DA:81,0
DA:87,0
DA:89,0
DA:90,0
DA:91,0
DA:101,0
DA:109,0
DA:112,0
DA:117,0
DA:125,0
DA:130,0
DA:138,0
DA:144,0
DA:156,0
DA:157,0
DA:161,0
DA:162,0
DA:166,0
DA:167,0
DA:171,0
DA:172,0
DA:176,0
DA:177,0
DA:181,0
DA:182,0
LF:47
LH:0
end_of_record
SF:lib/src/app_lifecycle_manager.dart
DA:11,0
DA:12,0
DA:16,0
DA:17,0
DA:28,0
DA:31,0
DA:34,0
DA:37,0
DA:40,0
DA:42,0
DA:44,0
DA:45,0
DA:48,0
DA:51,0
DA:52,0
DA:54,0
DA:55,0
DA:56,0
DA:58,0
DA:63,0
DA:64,0
DA:68,0
DA:69,0
DA:73,0
DA:74,0
DA:78,0
DA:79,0
DA:83,0
DA:84,0
DA:88,0
DA:89,0
DA:93,0
DA:94,0
DA:98,0
DA:99,0
DA:102,0
DA:103,0
DA:105,0
DA:108,0
DA:113,0
DA:114,0
DA:116,0
DA:119,0
DA:124,0
DA:125,0
DA:127,0
DA:129,0
DA:134,0
DA:135,0
DA:137,0
DA:139,0
DA:144,0
DA:146,0
DA:147,0
DA:148,0
DA:149,0
DA:150,0
DA:151,0
DA:156,0
DA:157,0
DA:161,0
DA:162,0
DA:163,0
DA:167,0
DA:168,0
DA:169,0
LF:66
LH:0
end_of_record
SF:lib/src/window_focus_manager.dart
DA:13,0
DA:14,0
DA:18,0
DA:19,0
DA:27,0
DA:30,0
DA:33,0
DA:35,0
DA:36,0
DA:39,0
DA:42,0
DA:44,0
DA:46,0
DA:51,0
DA:56,0
DA:59,0
DA:60,0
DA:66,0
DA:71,0
DA:75,0
DA:76,0
DA:77,0
DA:80,0
DA:85,0
DA:88,0
DA:93,0
DA:94,0
DA:98,0
DA:99,0
DA:103,0
DA:104,0
DA:108,0
DA:109,0
DA:112,0
DA:113,0
DA:115,0
DA:117,0
DA:122,0
DA:123,0
DA:125,0
DA:127,0
DA:133,0
DA:134,0
DA:137,0
DA:139,0
DA:140,0
DA:141,0
DA:149,0
DA:151,0
DA:155,0
DA:156,0
DA:158,0
DA:159,0
DA:160,0
DA:161,0
DA:163,0
DA:164,0
DA:171,0
DA:172,0
DA:176,0
DA:177,0
DA:178,0
DA:182,0
DA:183,0
LF:64
LH:0
end_of_record
